<?xml version="1.0" encoding="UTF-8"?>
<!-- Generated by org.testng.reporters.JUnitReportReporter -->
<testsuite hostname="YP1007034LT" name="com.automation.cucumber.Runner" tests="1" failures="0" timestamp="30 Aug 2019 14:05:19 GMT" time="17.282" errors="0">
  <testcase name="feature" time="17.282" classname="com.automation.cucumber.Runner"/>
</testsuite> <!-- com.automation.cucumber.Runner -->
